<?xml version="1.0" encoding="UTF-8"?>
<!-- Generated by org.testng.reporters.JUnitXMLReporter -->
<testsuite ignored="0" hostname="Win11-01" failures="0" tests="5" name="CoreFlows" time="43.515" errors="0" timestamp="2026-08-04T13:56:08 IST">
  <testcase classname="tests.ValidLoginTest" name="testValidLoginRedirectsToSecureArea" time="6.445"/>
  <testcase classname="tests.InvalidLoginTest" name="testInvalidLoginShowsErrorMessage" time="6.827"/>
  <testcase classname="tests.CheckboxesTest" name="testToggleCheckboxChangesState" time="5.544"/>
  <testcase classname="tests.DropdownTest" name="testSelectOptionUpdatesDropdown" time="6.004"/>
  <testcase classname="tests.DynamicLoadingTest" name="testDynamicLoadingRevealsText" time="9.788"/>
</testsuite> <!-- CoreFlows -->
